[debug] [2023-09-08T20:47:13.230Z] ----------------------------------------------------------------------
[debug] [2023-09-08T20:47:13.232Z] Command:       C:\Program Files\nodejs\node.exe C:\Users\rayau\AppData\Roaming\npm\node_modules\firebase-tools\lib\bin\firebase.js init
[debug] [2023-09-08T20:47:13.232Z] CLI Version:   12.5.2
[debug] [2023-09-08T20:47:13.233Z] Platform:      win32
[debug] [2023-09-08T20:47:13.233Z] Node Version:  v18.12.1
[debug] [2023-09-08T20:47:13.234Z] Time:          Sat Sep 09 2023 02:17:13 GMT+0530 (India Standard Time)
[debug] [2023-09-08T20:47:13.234Z] ----------------------------------------------------------------------
[debug] 
[debug] [2023-09-08T20:47:13.248Z] > command requires scopes: ["email","openid","https://www.googleapis.com/auth/cloudplatformprojects.readonly","https://www.googleapis.com/auth/firebase","https://www.googleapis.com/auth/cloud-platform"]
[info] 
     ######## #### ########  ######## ########     ###     ######  ########
     ##        ##  ##     ## ##       ##     ##  ##   ##  ##       ##
     ######    ##  ########  ######   ########  #########  ######  ######
     ##        ##  ##    ##  ##       ##     ## ##     ##       ## ##
     ##       #### ##     ## ######## ########  ##     ##  ######  ########

You're about to initialize a Firebase project in this directory:

  C:\Users\rayau\Learning\quasar\gruhini-home-manager

[info] 
=== Project Setup
[info] 
[info] First, let's associate this project directory with a Firebase project.
[info] You can create multiple project aliases by running firebase use --add, 
[info] but for now we'll just set up a default project.
[info] 
[debug] [2023-09-08T20:47:49.936Z] >>> [apiv2][query] GET https://firebase.googleapis.com/v1beta1/projects pageSize=100
[debug] [2023-09-08T20:47:51.018Z] <<< [apiv2][status] GET https://firebase.googleapis.com/v1beta1/projects 200
[debug] [2023-09-08T20:47:51.018Z] <<< [apiv2][body] GET https://firebase.googleapis.com/v1beta1/projects [omitted]
[info] i  Using project grihalaya-5aa62 (Grihalaya) 
[info] 
=== Firestore Setup
[debug] [2023-09-08T20:47:52.168Z] >>> [apiv2][query] GET https://serviceusage.googleapis.com/v1/projects/grihalaya-5aa62/services/firestore.googleapis.com [none]
[debug] [2023-09-08T20:47:52.169Z] >>> [apiv2][(partial)header] GET https://serviceusage.googleapis.com/v1/projects/grihalaya-5aa62/services/firestore.googleapis.com x-goog-quota-user=projects/grihalaya-5aa62
[debug] [2023-09-08T20:47:54.107Z] <<< [apiv2][status] GET https://serviceusage.googleapis.com/v1/projects/grihalaya-5aa62/services/firestore.googleapis.com 200
[debug] [2023-09-08T20:47:54.107Z] <<< [apiv2][body] GET https://serviceusage.googleapis.com/v1/projects/grihalaya-5aa62/services/firestore.googleapis.com [omitted]
[debug] [2023-09-08T20:47:54.107Z] >>> [apiv2][query] GET https://firestore.googleapis.com/v1/projects/grihalaya-5aa62/databases/(default) [none]
[debug] [2023-09-08T20:47:54.604Z] <<< [apiv2][status] GET https://firestore.googleapis.com/v1/projects/grihalaya-5aa62/databases/(default) 200
[debug] [2023-09-08T20:47:54.604Z] <<< [apiv2][body] GET https://firestore.googleapis.com/v1/projects/grihalaya-5aa62/databases/(default) {"name":"projects/grihalaya-5aa62/databases/(default)","uid":"aa3acc0b-57e5-42dd-8975-6700240bc3e8","createTime":"2023-09-08T17:36:27.804459Z","updateTime":"2023-09-08T17:36:27.804459Z","locationId":"asia-south1","type":"FIRESTORE_NATIVE","concurrencyMode":"PESSIMISTIC","versionRetentionPeriod":"3600s","earliestVersionTime":"2023-09-08T19:48:00.346823Z","appEngineIntegrationMode":"DISABLED","keyPrefix":"j","pointInTimeRecoveryEnablement":"POINT_IN_TIME_RECOVERY_DISABLED","deleteProtectionState":"DELETE_PROTECTION_DISABLED","etag":"IIHR4bzxm4EDMP7LltHHm4ED"}
[debug] [2023-09-08T20:47:54.604Z] database_type: FIRESTORE_NATIVE
[debug] [2023-09-08T20:47:54.605Z] > command requires scopes: ["email","openid","https://www.googleapis.com/auth/cloudplatformprojects.readonly","https://www.googleapis.com/auth/firebase","https://www.googleapis.com/auth/cloud-platform"]
[debug] [2023-09-08T20:47:54.605Z] [iam] checking project grihalaya-5aa62 for permissions ["firebase.projects.get"]
[debug] [2023-09-08T20:47:54.605Z] >>> [apiv2][query] POST https://cloudresourcemanager.googleapis.com/v1/projects/grihalaya-5aa62:testIamPermissions [none]
[debug] [2023-09-08T20:47:54.605Z] >>> [apiv2][(partial)header] POST https://cloudresourcemanager.googleapis.com/v1/projects/grihalaya-5aa62:testIamPermissions x-goog-quota-user=projects/grihalaya-5aa62
[debug] [2023-09-08T20:47:54.605Z] >>> [apiv2][body] POST https://cloudresourcemanager.googleapis.com/v1/projects/grihalaya-5aa62:testIamPermissions {"permissions":["firebase.projects.get"]}
[debug] [2023-09-08T20:47:56.255Z] <<< [apiv2][status] POST https://cloudresourcemanager.googleapis.com/v1/projects/grihalaya-5aa62:testIamPermissions 200
[debug] [2023-09-08T20:47:56.255Z] <<< [apiv2][body] POST https://cloudresourcemanager.googleapis.com/v1/projects/grihalaya-5aa62:testIamPermissions {"permissions":["firebase.projects.get"]}
[info] 
[info] Firestore Security Rules allow you to define how and when to allow
[info] requests. You can keep these rules in your project directory
[info] and publish them with firebase deploy.
[info] 
[debug] [2023-09-08T20:48:07.055Z] >>> [apiv2][query] GET https://firebaserules.googleapis.com/v1/projects/grihalaya-5aa62/releases pageSize=10&pageToken=
[debug] [2023-09-08T20:48:08.917Z] <<< [apiv2][status] GET https://firebaserules.googleapis.com/v1/projects/grihalaya-5aa62/releases 200
[debug] [2023-09-08T20:48:08.918Z] <<< [apiv2][body] GET https://firebaserules.googleapis.com/v1/projects/grihalaya-5aa62/releases {"releases":[{"name":"projects/grihalaya-5aa62/releases/cloud.firestore","rulesetName":"projects/grihalaya-5aa62/rulesets/ec8ceb4f-d7f4-4161-9599-f62bbec684de","createTime":"2023-09-08T17:36:36.782108Z","updateTime":"2023-09-08T17:36:36.782108Z"}]}
[debug] [2023-09-08T20:48:08.918Z] Found ruleset: projects/grihalaya-5aa62/rulesets/ec8ceb4f-d7f4-4161-9599-f62bbec684de
[debug] [2023-09-08T20:48:08.918Z] >>> [apiv2][query] GET https://firebaserules.googleapis.com/v1/projects/grihalaya-5aa62/rulesets/ec8ceb4f-d7f4-4161-9599-f62bbec684de [none]
[debug] [2023-09-08T20:48:09.472Z] <<< [apiv2][status] GET https://firebaserules.googleapis.com/v1/projects/grihalaya-5aa62/rulesets/ec8ceb4f-d7f4-4161-9599-f62bbec684de 200
[debug] [2023-09-08T20:48:09.473Z] <<< [apiv2][body] GET https://firebaserules.googleapis.com/v1/projects/grihalaya-5aa62/rulesets/ec8ceb4f-d7f4-4161-9599-f62bbec684de [omitted]
[info] 
[info] Firestore indexes allow you to perform complex queries while
[info] maintaining performance that scales with the size of the result
[info] set. You can keep index definitions in your project directory
[info] and publish them with firebase deploy.
[info] 
[debug] [2023-09-08T20:48:15.629Z] >>> [apiv2][query] GET https://firestore.googleapis.com/v1/projects/grihalaya-5aa62/databases/(default)/collectionGroups/-/indexes [none]
[debug] [2023-09-08T20:48:15.631Z] >>> [apiv2][query] GET https://firestore.googleapis.com/v1/projects/grihalaya-5aa62/databases/(default)/collectionGroups/-/fields?filter=indexConfig.usesAncestorConfig=false OR ttlConfig:* [none]
[debug] [2023-09-08T20:48:15.909Z] <<< [apiv2][status] GET https://firestore.googleapis.com/v1/projects/grihalaya-5aa62/databases/(default)/collectionGroups/-/fields?filter=indexConfig.usesAncestorConfig=false OR ttlConfig:* 200
[debug] [2023-09-08T20:48:15.909Z] <<< [apiv2][body] GET https://firestore.googleapis.com/v1/projects/grihalaya-5aa62/databases/(default)/collectionGroups/-/fields?filter=indexConfig.usesAncestorConfig=false OR ttlConfig:* {"fields":[{"name":"projects/grihalaya-5aa62/databases/(default)/collectionGroups/__default__/fields/*","indexConfig":{"indexes":[{"queryScope":"COLLECTION","fields":[{"fieldPath":"*","order":"ASCENDING"}],"state":"READY"},{"queryScope":"COLLECTION","fields":[{"fieldPath":"*","order":"DESCENDING"}],"state":"READY"},{"queryScope":"COLLECTION","fields":[{"fieldPath":"*","arrayConfig":"CONTAINS"}],"state":"READY"}]}}]}
[debug] [2023-09-08T20:48:15.970Z] <<< [apiv2][status] GET https://firestore.googleapis.com/v1/projects/grihalaya-5aa62/databases/(default)/collectionGroups/-/indexes 200
[debug] [2023-09-08T20:48:15.970Z] <<< [apiv2][body] GET https://firestore.googleapis.com/v1/projects/grihalaya-5aa62/databases/(default)/collectionGroups/-/indexes {}
[info] 
=== Hosting Setup
[info] 
[info] Your public directory is the folder (relative to your project directory) that
[info] will contain Hosting assets to be uploaded with firebase deploy. If you
[info] have a build process for your assets, use your build's output directory.
[info] 
[debug] [2023-09-08T20:48:33.700Z] >>> [apiv2][query] GET https://www.gstatic.com/firebasejs/releases.json [none]
[debug] [2023-09-08T20:48:33.980Z] <<< [apiv2][status] GET https://www.gstatic.com/firebasejs/releases.json 200
[debug] [2023-09-08T20:48:33.980Z] <<< [apiv2][body] GET https://www.gstatic.com/firebasejs/releases.json {"current":{"version":"10.3.1","browserURL":"https://www.gstatic.com/firebasejs/10.3.1/firebase.js","packageURL":"https://www.gstatic.com/firebasejs/10.3.1/firebase.tgz"},"live":{"version":"10.3","browserURL":"https://www.gstatic.com/firebasejs/live/10.3/firebase.js","packageURL":"https://www.gstatic.com/firebasejs/live/10.3/firebase.tgz"},"components":{"analytics":"https://www.gstatic.com/firebasejs/10.3.1/firebase-analytics.js","app":"https://www.gstatic.com/firebasejs/10.3.1/firebase-app.js","app-check":"https://www.gstatic.com/firebasejs/10.3.1/firebase-app-check.js","auth":"https://www.gstatic.com/firebasejs/10.3.1/firebase-auth.js","auth/cordova":"https://www.gstatic.com/firebasejs/10.3.1/firebase-auth/cordova.js","functions":"https://www.gstatic.com/firebasejs/10.3.1/firebase-functions.js","firestore":"https://www.gstatic.com/firebasejs/10.3.1/firebase-firestore.js","firestore/lite":"https://www.gstatic.com/firebasejs/10.3.1/firebase-firestore/lite.js","installations":"https://www.gstatic.com/firebasejs/10.3.1/firebase-installations.js","storage":"https://www.gstatic.com/firebasejs/10.3.1/firebase-storage.js","performance":"https://www.gstatic.com/firebasejs/10.3.1/firebase-performance.js","remote-config":"https://www.gstatic.com/firebasejs/10.3.1/firebase-remote-config.js","messaging":"https://www.gstatic.com/firebasejs/10.3.1/firebase-messaging.js","messaging/sw":"https://www.gstatic.com/firebasejs/10.3.1/firebase-messaging/sw.js","database":"https://www.gstatic.com/firebasejs/10.3.1/firebase-database.js","firestore.memory":"https://www.gstatic.com/firebasejs/10.3.1/firebase-firestore.memory.js"}}
[info] +  Wrote public/index.html 
[info] 
[info] i  Detected a .git folder at C:\Users\rayau\Learning\quasar\gruhini-home-manager 
[info] i  Authorizing with GitHub to upload your service account to a GitHub repository's secrets store. 
[info] 
[info] Visit this URL on this device to log in:
[info] https://github.com/login/oauth/authorize?client_id=89cf50f02ac6aaed3484&state=753850932&redirect_uri=http%3A%2F%2Flocalhost%3A9005&scope=read%3Auser%20repo%20public_repo
[info] 
[info] Waiting for authentication...
[debug] [2023-09-08T20:49:11.236Z] >>> [apiv2][query] POST https://github.com/login/oauth/access_token [none]
[debug] [2023-09-08T20:49:11.236Z] >>> [apiv2][body] POST https://github.com/login/oauth/access_token [stream]
[debug] [2023-09-08T20:49:11.752Z] <<< [apiv2][status] POST https://github.com/login/oauth/access_token 200
[debug] [2023-09-08T20:49:11.752Z] <<< [apiv2][body] POST https://github.com/login/oauth/access_token {"access_token":"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","token_type":"bearer","scope":"read:user,repo"}
[debug] [2023-09-08T20:49:11.757Z] >>> [apiv2][query] GET https://api.github.com/user [none]
[debug] [2023-09-08T20:49:12.297Z] <<< [apiv2][status] GET https://api.github.com/user 200
[debug] [2023-09-08T20:49:12.297Z] <<< [apiv2][body] GET https://api.github.com/user {"login":"Auroshis","id":47098039,"node_id":"MDQ6VXNlcjQ3MDk4MDM5","avatar_url":"https://avatars.githubusercontent.com/u/47098039?v=4","gravatar_id":"","url":"https://api.github.com/users/Auroshis","html_url":"https://github.com/Auroshis","followers_url":"https://api.github.com/users/Auroshis/followers","following_url":"https://api.github.com/users/Auroshis/following{/other_user}","gists_url":"https://api.github.com/users/Auroshis/gists{/gist_id}","starred_url":"https://api.github.com/users/Auroshis/starred{/owner}{/repo}","subscriptions_url":"https://api.github.com/users/Auroshis/subscriptions","organizations_url":"https://api.github.com/users/Auroshis/orgs","repos_url":"https://api.github.com/users/Auroshis/repos","events_url":"https://api.github.com/users/Auroshis/events{/privacy}","received_events_url":"https://api.github.com/users/Auroshis/received_events","type":"User","site_admin":false,"name":"Auroshis Ray","company":"Dell","blog":"www.linkedin.com/in/auroshisray","location":null,"email":null,"hireable":null,"bio":"Software Developer","twitter_username":null,"public_repos":66,"public_gists":5,"followers":3,"following":12,"created_at":"2019-01-28T05:42:45Z","updated_at":"2023-09-01T18:11:19Z","private_gists":0,"total_private_repos":14,"owned_private_repos":14,"disk_usage":96408,"collaborators":1,"two_factor_authentication":false,"plan":{"name":"free","space":976562499,"collaborators":0,"private_repos":10000}}
[info] 
[info] +  Success! Logged into GitHub as Auroshis 
[info] 
